{
  "RSpec": {
    "coverage": {
      "/home/ad/fshome1/u1/c/chra/Linux/wepaluento/blogservice/app/helpers/application_helper.rb": [
        1,
        null
      ],
      "/home/ad/fshome1/u1/c/chra/Linux/wepaluento/blogservice/app/helpers/posts_helper.rb": [
        1,
        null
      ],
      "/home/ad/fshome1/u1/c/chra/Linux/wepaluento/blogservice/app/helpers/users_helper.rb": [
        1,
        null
      ],
      "/home/ad/fshome1/u1/c/chra/Linux/wepaluento/blogservice/app/models/post.rb": [
        1,
        null,
        1,
        1,
        null,
        1,
        null,
        1,
        5,
        5,
        null,
        0,
        null,
        null,
        null,
        1,
        4,
        1,
        null,
        null,
        null
      ],
      "/home/ad/fshome1/u1/c/chra/Linux/wepaluento/blogservice/app/models/user.rb": [
        1,
        null,
        1,
        1,
        null,
        1,
        null,
        1,
        null,
        null
      ],
      "/home/ad/fshome1/u1/c/chra/Linux/wepaluento/blogservice/app/controllers/posts_controller.rb": [
        1,
        1,
        1,
        null,
        null,
        null,
        1,
        3,
        null,
        null,
        null,
        null,
        1,
        null,
        null,
        null,
        1,
        1,
        null,
        null,
        null,
        1,
        null,
        null,
        null,
        null,
        1,
        1,
        1,
        null,
        1,
        1,
        2,
        1,
        null,
        0,
        0,
        null,
        null,
        null,
        null,
        null,
        null,
        1,
        0,
        0,
        0,
        0,
        null,
        0,
        0,
        null,
        null,
        null,
        null,
        null,
        null,
        1,
        0,
        0,
        0,
        0,
        null,
        null,
        null,
        1,
        null,
        1,
        1,
        null,
        null,
        null,
        1,
        1,
        null,
        null
      ],
      "/home/ad/fshome1/u1/c/chra/Linux/wepaluento/blogservice/app/controllers/application_controller.rb": [
        1,
        null,
        null,
        1,
        null,
        1,
        17,
        null,
        null,
        1,
        null,
        1,
        2,
        null,
        null,
        null
      ],
      "/home/ad/fshome1/u1/c/chra/Linux/wepaluento/blogservice/app/models/rating.rb": [
        1,
        1,
        1,
        null,
        1,
        0,
        null,
        null
      ],
      "/home/ad/fshome1/u1/c/chra/Linux/wepaluento/blogservice/app/controllers/sessions_controller.rb": [
        1,
        null,
        1,
        null,
        null,
        1,
        1,
        null,
        1,
        1,
        1,
        null,
        0,
        null,
        null,
        null,
        1,
        0,
        0,
        null,
        null,
        null
      ],
      "/home/ad/fshome1/u1/c/chra/Linux/wepaluento/blogservice/app/controllers/users_controller.rb": [
        1,
        1,
        null,
        null,
        null,
        1,
        0,
        null,
        null,
        null,
        null,
        1,
        null,
        null,
        null,
        1,
        1,
        null,
        null,
        null,
        1,
        null,
        null,
        null,
        null,
        1,
        1,
        null,
        1,
        1,
        1,
        null,
        0,
        null,
        null,
        null,
        null,
        null,
        1,
        0,
        0,
        0,
        0,
        null,
        0,
        0,
        null,
        null,
        null,
        null,
        null,
        null,
        1,
        0,
        0,
        0,
        0,
        null,
        null,
        null,
        1,
        null,
        1,
        0,
        null,
        null,
        null,
        1,
        1,
        null,
        null
      ],
      "/home/ad/fshome1/u1/c/chra/Linux/wepaluento/blogservice/app/controllers/ratings_controller.rb": [
        0,
        0,
        0,
        0,
        0,
        0,
        0,
        0,
        0,
        0,
        0,
        0,
        0,
        0,
        0,
        0,
        0,
        0,
        0,
        0,
        0,
        0
      ]
    },
    "timestamp": 1486395876
  }
}
